newshanxun1/app/build/outputs/logs/manifest-merger-debug-report.txt
-- Merging decision tree log ---
manifest
ADDED from src/main/AndroidManifest.xml:2:1-135:12
	package
		ADDED from src/main/AndroidManifest.xml:3:5-35
		INJECTED from src/main/AndroidManifest.xml
		INJECTED from src/main/AndroidManifest.xml
	android:versionName
		ADDED from src/main/AndroidManifest.xml:5:5-32
		INJECTED from src/main/AndroidManifest.xml
		INJECTED from src/main/AndroidManifest.xml
	android:versionCode
		ADDED from src/main/AndroidManifest.xml:4:5-30
		INJECTED from src/main/AndroidManifest.xml
		INJECTED from src/main/AndroidManifest.xml
	xmlns:android
		ADDED from src/main/AndroidManifest.xml:2:11-69
uses-sdk
ADDED from src/main/AndroidManifest.xml:6:2-8:41
	android:targetSdkVersion
		ADDED from src/main/AndroidManifest.xml:8:9-38
		INJECTED from src/main/AndroidManifest.xml
		INJECTED from src/main/AndroidManifest.xml
	android:minSdkVersion
		ADDED from src/main/AndroidManifest.xml:7:9-35
		INJECTED from src/main/AndroidManifest.xml
		INJECTED from src/main/AndroidManifest.xml
application
ADDED from src/main/AndroidManifest.xml:10:5-113:19
	android:label
		ADDED from src/main/AndroidManifest.xml:13:9-41
	android:allowBackup
		ADDED from src/main/AndroidManifest.xml:11:9-35
	android:icon
		ADDED from src/main/AndroidManifest.xml:12:9-36
	android:persistent
		ADDED from src/main/AndroidManifest.xml:14:9-34
activity#com.uncle.newshanxun.MainActivity
ADDED from src/main/AndroidManifest.xml:15:9-23:20
	android:label
		ADDED from src/main/AndroidManifest.xml:17:13-45
	android:name
		ADDED from src/main/AndroidManifest.xml:16:13-61
intent-filter#android.intent.action.MAIN+android.intent.category.LAUNCHER
ADDED from src/main/AndroidManifest.xml:18:13-22:29
action#android.intent.action.MAIN
ADDED from src/main/AndroidManifest.xml:19:17-69
	android:name
		ADDED from src/main/AndroidManifest.xml:19:25-66
category#android.intent.category.LAUNCHER
ADDED from src/main/AndroidManifest.xml:21:17-77
	android:name
		ADDED from src/main/AndroidManifest.xml:21:27-74
activity#com.uncle.newshanxun.AboutUs
ADDED from src/main/AndroidManifest.xml:24:9-26:20
	android:name
		ADDED from src/main/AndroidManifest.xml:25:13-56
activity#com.alipay.sdk.app.H5PayActivity
ADDED from src/main/AndroidManifest.xml:28:7-34:16
	android:screenOrientation
		ADDED from src/main/AndroidManifest.xml:32:7-41
	android:exported
		ADDED from src/main/AndroidManifest.xml:31:7-31
	android:windowSoftInputMode
		ADDED from src/main/AndroidManifest.xml:33:7-61
	android:configChanges
		ADDED from src/main/AndroidManifest.xml:30:7-68
	android:name
		ADDED from src/main/AndroidManifest.xml:29:7-54
activity#com.bmob.pay.tool.PayActivity
ADDED from src/main/AndroidManifest.xml:35:2-38:58
	android:screenOrientation
		ADDED from src/main/AndroidManifest.xml:37:7-43
	android:theme
		ADDED from src/main/AndroidManifest.xml:38:7-55
	android:name
		ADDED from src/main/AndroidManifest.xml:36:7-51
service#com.uncle.newshanxun.UDPClient
ADDED from src/main/AndroidManifest.xml:39:9-44:19
	android:name
		ADDED from src/main/AndroidManifest.xml:40:13-58
intent-filter#HEHEHE
ADDED from src/main/AndroidManifest.xml:41:13-43:29
	android:priority
		ADDED from src/main/AndroidManifest.xml:41:28-51
action#HEHEHE
ADDED from src/main/AndroidManifest.xml:42:17-56
	android:name
		ADDED from src/main/AndroidManifest.xml:42:25-46
activity#cn.jpush.android.ui.PushActivity
ADDED from src/main/AndroidManifest.xml:46:9-55:20
	android:exported
		ADDED from src/main/AndroidManifest.xml:49:13-37
	android:configChanges
		ADDED from src/main/AndroidManifest.xml:48:13-63
	android:name
		ADDED from src/main/AndroidManifest.xml:47:13-60
intent-filter#android.intent.category.DEFAULT+cn.jpush.android.ui.PushActivity+com.uncle.newshanxun
ADDED from src/main/AndroidManifest.xml:50:13-54:29
action#cn.jpush.android.ui.PushActivity
ADDED from src/main/AndroidManifest.xml:51:17-75
	android:name
		ADDED from src/main/AndroidManifest.xml:51:25-72
category#android.intent.category.DEFAULT
ADDED from src/main/AndroidManifest.xml:52:17-76
	android:name
		ADDED from src/main/AndroidManifest.xml:52:27-73
category#com.uncle.newshanxun
ADDED from src/main/AndroidManifest.xml:53:17-65
	android:name
		ADDED from src/main/AndroidManifest.xml:53:27-62
service#cn.jpush.android.service.DownloadService
ADDED from src/main/AndroidManifest.xml:57:9-61:19
	android:enabled
		ADDED from src/main/AndroidManifest.xml:59:13-35
	android:exported
		ADDED from src/main/AndroidManifest.xml:60:13-37
	android:name
		ADDED from src/main/AndroidManifest.xml:58:13-68
service#cn.jpush.android.service.PushService
ADDED from src/main/AndroidManifest.xml:63:9-74:19
	android:enabled
		ADDED from src/main/AndroidManifest.xml:65:13-35
	android:exported
		ADDED from src/main/AndroidManifest.xml:66:13-37
	android:name
		ADDED from src/main/AndroidManifest.xml:64:13-64
intent-filter#cn.jpush.android.intent.PUSH_TIME+cn.jpush.android.intent.PushService+cn.jpush.android.intent.REGISTER+cn.jpush.android.intent.REPORT
ADDED from src/main/AndroidManifest.xml:67:13-73:29
action#cn.jpush.android.intent.REGISTER
ADDED from src/main/AndroidManifest.xml:68:17-75
	android:name
		ADDED from src/main/AndroidManifest.xml:68:25-72
action#cn.jpush.android.intent.REPORT
ADDED from src/main/AndroidManifest.xml:69:17-73
	android:name
		ADDED from src/main/AndroidManifest.xml:69:25-70
action#cn.jpush.android.intent.PushService
ADDED from src/main/AndroidManifest.xml:70:17-78
	android:name
		ADDED from src/main/AndroidManifest.xml:70:25-75
action#cn.jpush.android.intent.PUSH_TIME
ADDED from src/main/AndroidManifest.xml:71:17-76
	android:name
		ADDED from src/main/AndroidManifest.xml:71:25-73
service#cn.jpush.android.service.DaemonService
ADDED from src/main/AndroidManifest.xml:77:9-85:19
	android:enabled
		ADDED from src/main/AndroidManifest.xml:79:13-35
	android:exported
		ADDED from src/main/AndroidManifest.xml:80:13-36
	android:name
		ADDED from src/main/AndroidManifest.xml:78:13-66
intent-filter#cn.jpush.android.intent.DaemonService+com.uncle.newshanxun
ADDED from src/main/AndroidManifest.xml:81:13-84:29
action#cn.jpush.android.intent.DaemonService
ADDED from src/main/AndroidManifest.xml:82:17-80
	android:name
		ADDED from src/main/AndroidManifest.xml:82:25-77
receiver#cn.jpush.android.service.PushReceiver
ADDED from src/main/AndroidManifest.xml:87:9-106:20
	android:enabled
		ADDED from src/main/AndroidManifest.xml:89:13-35
	android:exported
		ADDED from src/main/AndroidManifest.xml:90:13-37
	android:name
		ADDED from src/main/AndroidManifest.xml:88:13-65
intent-filter#cn.jpush.android.intent.NOTIFICATION_RECEIVED_PROXY+com.uncle.newshanxun
ADDED from src/main/AndroidManifest.xml:91:14-94:29
	android:priority
		ADDED from src/main/AndroidManifest.xml:91:29-52
action#cn.jpush.android.intent.NOTIFICATION_RECEIVED_PROXY
ADDED from src/main/AndroidManifest.xml:92:17-94
	android:name
		ADDED from src/main/AndroidManifest.xml:92:25-91
intent-filter#android.intent.action.USER_PRESENT+android.net.conn.CONNECTIVITY_CHANGE
ADDED from src/main/AndroidManifest.xml:95:13-98:29
action#android.intent.action.USER_PRESENT
ADDED from src/main/AndroidManifest.xml:96:17-77
	android:name
		ADDED from src/main/AndroidManifest.xml:96:25-74
action#android.net.conn.CONNECTIVITY_CHANGE
ADDED from src/main/AndroidManifest.xml:97:17-79
	android:name
		ADDED from src/main/AndroidManifest.xml:97:25-76
intent-filter#android.intent.action.PACKAGE_ADDED+android.intent.action.PACKAGE_REMOVED
ADDED from src/main/AndroidManifest.xml:100:13-104:29
action#android.intent.action.PACKAGE_ADDED
ADDED from src/main/AndroidManifest.xml:101:17-78
	android:name
		ADDED from src/main/AndroidManifest.xml:101:25-75
action#android.intent.action.PACKAGE_REMOVED
ADDED from src/main/AndroidManifest.xml:102:17-80
	android:name
		ADDED from src/main/AndroidManifest.xml:102:25-77
data
ADDED from src/main/AndroidManifest.xml:103:17-50
	android:scheme
		ADDED from src/main/AndroidManifest.xml:103:23-47
receiver#cn.jpush.android.service.AlarmReceiver
ADDED from src/main/AndroidManifest.xml:108:9-75
	android:name
		ADDED from src/main/AndroidManifest.xml:108:19-72
meta-data#JPUSH_CHANNEL
ADDED from src/main/AndroidManifest.xml:111:9-84
	android:value
		ADDED from src/main/AndroidManifest.xml:111:49-82
	android:name
		ADDED from src/main/AndroidManifest.xml:111:20-48
meta-data#JPUSH_APPKEY
ADDED from src/main/AndroidManifest.xml:112:9-91
	android:value
		ADDED from src/main/AndroidManifest.xml:112:48-88
	android:name
		ADDED from src/main/AndroidManifest.xml:112:20-47
uses-permission#android.permission.CHANGE_NETWORK_STATE
ADDED from src/main/AndroidManifest.xml:114:5-96
	android:name
		ADDED from src/main/AndroidManifest.xml:114:22-76
uses-permission#android.permission.CHANGE_WIFI_STATE
ADDED from src/main/AndroidManifest.xml:115:5-93
	android:name
		ADDED from src/main/AndroidManifest.xml:115:22-73
uses-permission#android.permission.ACCESS_NETWORK_STATE
ADDED from src/main/AndroidManifest.xml:116:5-96
	android:name
		ADDED from src/main/AndroidManifest.xml:116:22-76
uses-permission#android.permission.ACCESS_WIFI_STATE
ADDED from src/main/AndroidManifest.xml:117:5-93
	android:name
		ADDED from src/main/AndroidManifest.xml:117:22-73
uses-permission#android.permission.INTERNET
ADDED from src/main/AndroidManifest.xml:118:5-84
	android:name
		ADDED from src/main/AndroidManifest.xml:118:22-64
uses-permission#android.permission.WAKE_LOCK
ADDED from src/main/AndroidManifest.xml:119:5-85
	android:name
		ADDED from src/main/AndroidManifest.xml:119:22-65
uses-permission#android.permission.WRITE_EXTERNAL_STORAGE
ADDED from src/main/AndroidManifest.xml:120:3-95
	android:name
		ADDED from src/main/AndroidManifest.xml:120:20-76
permission#com.uncle.newshanxun.permission.JPUSH_MESSAGE
ADDED from src/main/AndroidManifest.xml:122:3-114
	android:protectionLevel
		ADDED from src/main/AndroidManifest.xml:122:76-111
	android:name
		ADDED from src/main/AndroidManifest.xml:122:15-75
uses-permission#com.uncle.newshanxun.permission.JPUSH_MESSAGE
ADDED from src/main/AndroidManifest.xml:123:5-85
	android:name
		ADDED from src/main/AndroidManifest.xml:123:22-82
uses-permission#android.permission.RECEIVE_USER_PRESENT
ADDED from src/main/AndroidManifest.xml:124:5-79
	android:name
		ADDED from src/main/AndroidManifest.xml:124:22-76
uses-permission#android.permission.READ_PHONE_STATE
ADDED from src/main/AndroidManifest.xml:125:5-75
	android:name
		ADDED from src/main/AndroidManifest.xml:125:22-72
uses-permission#android.permission.READ_EXTERNAL_STORAGE
ADDED from src/main/AndroidManifest.xml:126:5-80
	android:name
		ADDED from src/main/AndroidManifest.xml:126:22-77
uses-permission#android.permission.WRITE_SETTINGS
ADDED from src/main/AndroidManifest.xml:127:5-73
	android:name
		ADDED from src/main/AndroidManifest.xml:127:22-70
uses-permission#android.permission.VIBRATE
ADDED from src/main/AndroidManifest.xml:128:5-66
	android:name
		ADDED from src/main/AndroidManifest.xml:128:22-63
uses-permission#android.permission.MOUNT_UNMOUNT_FILESYSTEMS
ADDED from src/main/AndroidManifest.xml:129:5-84
	android:name
		ADDED from src/main/AndroidManifest.xml:129:22-81
uses-permission#android.permission.SYSTEM_ALERT_WINDOW
ADDED from src/main/AndroidManifest.xml:130:5-77
	android:name
		ADDED from src/main/AndroidManifest.xml:130:22-75
uses-permission#android.permission.ACCESS_COARSE_LOCATION
ADDED from src/main/AndroidManifest.xml:132:5-81
	android:name
		ADDED from src/main/AndroidManifest.xml:132:22-78
uses-permission#android.permission.ACCESS_FINE_LOCATION
ADDED from src/main/AndroidManifest.xml:133:5-79
	android:name
		ADDED from src/main/AndroidManifest.xml:133:22-76
uses-permission#android.permission.ACCESS_LOCATION_EXTRA_COMMANDS
ADDED from src/main/AndroidManifest.xml:134:5-89
	android:name
		ADDED from src/main/AndroidManifest.xml:134:22-86